  stdafx.cpp
  Animation.cpp
  Application.cpp
  Console.cpp
  InputManager.cpp
C:\Users\Sunrin\Desktop\2020-Sunrin-Game-Sosu\3일차\sosuengine\sosuengine\InputManager.cpp(43,27): warning C4244: '인수': 'LONG'에서 'FLOAT'(으)로 변환하면서 데이터가 손실될 수 있습니다.
C:\Users\Sunrin\Desktop\2020-Sunrin-Game-Sosu\3일차\sosuengine\sosuengine\InputManager.cpp(43,22): warning C4244: '인수': 'LONG'에서 'FLOAT'(으)로 변환하면서 데이터가 손실될 수 있습니다.
  main.cpp
  Object.cpp
C:\Users\Sunrin\Desktop\2020-Sunrin-Game-Sosu\3일차\sosuengine\sosuengine\Object.cpp(58,17): warning C4244: '+=': 'FLOAT'에서 'LONG'(으)로 변환하면서 데이터가 손실될 수 있습니다.
C:\Users\Sunrin\Desktop\2020-Sunrin-Game-Sosu\3일차\sosuengine\sosuengine\Object.cpp(59,18): warning C4244: '+=': 'FLOAT'에서 'LONG'(으)로 변환하면서 데이터가 손실될 수 있습니다.
C:\Users\Sunrin\Desktop\2020-Sunrin-Game-Sosu\3일차\sosuengine\sosuengine\Object.cpp(60,16): warning C4244: '+=': 'FLOAT'에서 'LONG'(으)로 변환하면서 데이터가 손실될 수 있습니다.
C:\Users\Sunrin\Desktop\2020-Sunrin-Game-Sosu\3일차\sosuengine\sosuengine\Object.cpp(61,19): warning C4244: '+=': 'FLOAT'에서 'LONG'(으)로 변환하면서 데이터가 손실될 수 있습니다.
C:\Users\Sunrin\Desktop\2020-Sunrin-Game-Sosu\3일차\sosuengine\sosuengine\Object.cpp(63,17): warning C4244: '+=': 'FLOAT'에서 'LONG'(으)로 변환하면서 데이터가 손실될 수 있습니다.
C:\Users\Sunrin\Desktop\2020-Sunrin-Game-Sosu\3일차\sosuengine\sosuengine\Object.cpp(64,18): warning C4244: '+=': 'FLOAT'에서 'LONG'(으)로 변환하면서 데이터가 손실될 수 있습니다.
C:\Users\Sunrin\Desktop\2020-Sunrin-Game-Sosu\3일차\sosuengine\sosuengine\Object.cpp(65,16): warning C4244: '+=': 'FLOAT'에서 'LONG'(으)로 변환하면서 데이터가 손실될 수 있습니다.
C:\Users\Sunrin\Desktop\2020-Sunrin-Game-Sosu\3일차\sosuengine\sosuengine\Object.cpp(66,19): warning C4244: '+=': 'FLOAT'에서 'LONG'(으)로 변환하면서 데이터가 손실될 수 있습니다.
C:\Users\Sunrin\Desktop\2020-Sunrin-Game-Sosu\3일차\sosuengine\sosuengine\Object.cpp(72,15): warning C4244: '+=': 'FLOAT'에서 'LONG'(으)로 변환하면서 데이터가 손실될 수 있습니다.
C:\Users\Sunrin\Desktop\2020-Sunrin-Game-Sosu\3일차\sosuengine\sosuengine\Object.cpp(73,16): warning C4244: '+=': 'FLOAT'에서 'LONG'(으)로 변환하면서 데이터가 손실될 수 있습니다.
C:\Users\Sunrin\Desktop\2020-Sunrin-Game-Sosu\3일차\sosuengine\sosuengine\Object.cpp(74,14): warning C4244: '+=': 'FLOAT'에서 'LONG'(으)로 변환하면서 데이터가 손실될 수 있습니다.
C:\Users\Sunrin\Desktop\2020-Sunrin-Game-Sosu\3일차\sosuengine\sosuengine\Object.cpp(75,17): warning C4244: '+=': 'FLOAT'에서 'LONG'(으)로 변환하면서 데이터가 손실될 수 있습니다.
C:\Users\Sunrin\Desktop\2020-Sunrin-Game-Sosu\3일차\sosuengine\sosuengine\Object.cpp(89,12): warning C4244: 'return': 'FLOAT'에서 'int'(으)로 변환하면서 데이터가 손실될 수 있습니다.
C:\Users\Sunrin\Desktop\2020-Sunrin-Game-Sosu\3일차\sosuengine\sosuengine\Object.cpp(93,12): warning C4244: 'return': 'FLOAT'에서 'int'(으)로 변환하면서 데이터가 손실될 수 있습니다.
C:\Users\Sunrin\Desktop\2020-Sunrin-Game-Sosu\3일차\sosuengine\sosuengine\Object.cpp(101,10): warning C4244: '=': 'int'에서 'FLOAT'(으)로 변환하면서 데이터가 손실될 수 있습니다.
C:\Users\Sunrin\Desktop\2020-Sunrin-Game-Sosu\3일차\sosuengine\sosuengine\Object.cpp(102,10): warning C4244: '=': 'int'에서 'FLOAT'(으)로 변환하면서 데이터가 손실될 수 있습니다.
  Scene.cpp
  SceneManager.cpp
  SoundManager.cpp
  Sprite.cpp
C:\Users\Sunrin\Desktop\2020-Sunrin-Game-Sosu\3일차\sosuengine\sosuengine\Sprite.cpp(40,46): warning C4244: '인수': 'int'에서 'FLOAT'(으)로 변환하면서 데이터가 손실될 수 있습니다.
C:\Users\Sunrin\Desktop\2020-Sunrin-Game-Sosu\3일차\sosuengine\sosuengine\Sprite.cpp(40,34): warning C4244: '인수': 'int'에서 'FLOAT'(으)로 변환하면서 데이터가 손실될 수 있습니다.
  TextureManager.cpp
  코드를 생성하고 있습니다...
  sosuengine.vcxproj -> C:\Users\Sunrin\Desktop\2020-Sunrin-Game-Sosu\3일차\sosuengine\Debug\sosuengine.exe
